<?xml version="1.0" encoding="UTF-8"?>
<!-- Generated by org.testng.reporters.JUnitReportReporter -->
<testsuite skipped="0" hostname="sbv6-Vostro-3268" name="com.bnc.testscripts.ReservationTest" tests="1" failures="0" timestamp="05 Aug 2019 06:13:52 GMT" time="111.563" errors="0">
  <testcase name="resrvation" time="111.563" classname="com.bnc.testscripts.ReservationTest"/>
</testsuite> <!-- com.bnc.testscripts.ReservationTest -->
