<?xml version="1.0" encoding="UTF-8"?>
<!-- Generated by org.testng.reporters.JUnitReportReporter -->
<testsuite skipped="0" hostname="sbv6-Vostro-3268" name="com.bnc.testscripts.QuickReservation" tests="1" failures="0" timestamp="20 Jul 2019 06:59:40 GMT" time="9.027" errors="0">
  <testcase name="quikResWithExixtingCompany" time="9.027" classname="com.bnc.testscripts.QuickReservation"/>
</testsuite> <!-- com.bnc.testscripts.QuickReservation -->
