<?xml version="1.0" encoding="UTF-8"?>
<!-- Generated by org.testng.reporters.JUnitReportReporter -->
<testsuite skipped="0" hostname="sbv6-Vostro-3268" name="com.bnc.testscripts.ProformaTest" tests="1" failures="0" timestamp="29 Jul 2019 08:28:22 GMT" time="20.975" errors="0">
  <testcase name="proforma" time="20.975" classname="com.bnc.testscripts.ProformaTest"/>
</testsuite> <!-- com.bnc.testscripts.ProformaTest -->
