<?xml version="1.0" encoding="UTF-8"?>
<!-- Generated by org.testng.reporters.JUnitReportReporter -->
<testsuite skipped="0" hostname="sbv6-Vostro-3268" name="com.bnc.testscripts.InvoiceTest" tests="1" failures="0" timestamp="29 Jul 2019 08:28:22 GMT" time="52.543" errors="0">
  <testcase name="invoice" time="52.543" classname="com.bnc.testscripts.InvoiceTest"/>
</testsuite> <!-- com.bnc.testscripts.InvoiceTest -->
