<?xml version="1.0" encoding="UTF-8"?>
<!-- Generated by org.testng.reporters.JUnitReportReporter -->
<testsuite skipped="0" hostname="sbv6-Vostro-3268" name="com.bnc.testscripts.ProformaTest" tests="1" failures="0" timestamp="12 Oct 2019 09:13:28 GMT" time="22.131" errors="0">
  <testcase name="proforma" time="22.131" classname="com.bnc.testscripts.ProformaTest"/>
</testsuite> <!-- com.bnc.testscripts.ProformaTest -->
