<?xml version="1.0" encoding="UTF-8"?>
<!-- Generated by org.testng.reporters.JUnitReportReporter -->
<testsuite skipped="0" hostname="sbv6-Vostro-3268" name="com.bnc.testscripts.MastersTest" tests="1" failures="0" timestamp="30 Jul 2019 06:34:08 GMT" time="12.764" errors="0">
  <testcase name="masters" time="12.764" classname="com.bnc.testscripts.MastersTest"/>
</testsuite> <!-- com.bnc.testscripts.MastersTest -->
