<?xml version="1.0" encoding="UTF-8"?>
<!-- Generated by org.testng.reporters.JUnitReportReporter -->
<testsuite skipped="0" hostname="sbv6-Vostro-3268" name="com.bnc.testscripts.ReservationTest" tests="1" failures="0" timestamp="16 Nov 2019 06:58:12 GMT" time="105.124" errors="0">
  <testcase name="resrvation" time="105.124" classname="com.bnc.testscripts.ReservationTest"/>
</testsuite> <!-- com.bnc.testscripts.ReservationTest -->
