<?xml version="1.0" encoding="UTF-8"?>
<!-- Generated by org.testng.reporters.JUnitReportReporter -->
<testsuite skipped="0" hostname="sbv6-Vostro-3268" name="com.bnc.testscripts.QuickReservationTest" tests="1" failures="0" timestamp="29 Jul 2019 05:57:37 GMT" time="59.244" errors="0">
  <testcase name="quikResWithExixtingCompany" time="59.244" classname="com.bnc.testscripts.QuickReservationTest"/>
</testsuite> <!-- com.bnc.testscripts.QuickReservationTest -->
